[SCHOOL-EQUIP-MGMT] [2025-11-18T13:29:00.117Z] [INFO]  [Bootstrap] Swagger documentation disabled in production
[SCHOOL-EQUIP-MGMT] [2025-11-18T13:29:00.171Z] [INFO]  [NestFactory] Starting Nest application...
[SCHOOL-EQUIP-MGMT] [2025-11-18T13:29:00.171Z] [INFO]  [InstanceLoader] AppModule dependencies initialized
[SCHOOL-EQUIP-MGMT] [2025-11-18T13:29:00.172Z] [INFO]  [InstanceLoader] I18nModule dependencies initialized
[SCHOOL-EQUIP-MGMT] [2025-11-18T13:29:00.172Z] [INFO]  [InstanceLoader] PassportModule dependencies initialized
[SCHOOL-EQUIP-MGMT] [2025-11-18T13:29:00.172Z] [INFO]  [InstanceLoader] MailerModule dependencies initialized
[SCHOOL-EQUIP-MGMT] [2025-11-18T13:29:00.173Z] [INFO]  [InstanceLoader] DatabaseModule dependencies initialized
[SCHOOL-EQUIP-MGMT] [2025-11-18T13:29:00.173Z] [INFO]  [InstanceLoader] ConfigHostModule dependencies initialized
[SCHOOL-EQUIP-MGMT] [2025-11-18T13:29:00.173Z] [INFO]  [InstanceLoader] ConfigModule dependencies initialized
[SCHOOL-EQUIP-MGMT] [2025-11-18T13:29:00.174Z] [INFO]  [InstanceLoader] EnvModule dependencies initialized
[SCHOOL-EQUIP-MGMT] [2025-11-18T13:29:00.174Z] [INFO]  [InstanceLoader] MailerCoreModule dependencies initialized
[SCHOOL-EQUIP-MGMT] [2025-11-18T13:29:00.174Z] [INFO]  [InstanceLoader] AuthModule dependencies initialized
[SCHOOL-EQUIP-MGMT] [2025-11-18T13:29:00.174Z] [INFO]  [InstanceLoader] JwtModule dependencies initialized
[SCHOOL-EQUIP-MGMT] [2025-11-18T13:29:00.174Z] [INFO]  [InstanceLoader] LoggerModule dependencies initialized
[SCHOOL-EQUIP-MGMT] [2025-11-18T13:29:00.175Z] [INFO]  [InstanceLoader] EmailModule dependencies initialized
[SCHOOL-EQUIP-MGMT] [2025-11-18T13:29:00.175Z] [INFO]  [InstanceLoader] CryptographyModule dependencies initialized
[SCHOOL-EQUIP-MGMT] [2025-11-18T13:29:00.175Z] [INFO]  [InstanceLoader] I18nModule dependencies initialized
[SCHOOL-EQUIP-MGMT] [2025-11-18T13:29:00.175Z] [INFO]  [InstanceLoader] HealthModule dependencies initialized
[SCHOOL-EQUIP-MGMT] [2025-11-18T13:29:00.175Z] [INFO]  [InstanceLoader] HttpModule dependencies initialized
[SCHOOL-EQUIP-MGMT] [2025-11-18T13:29:00.175Z] [INFO]  [RoutesResolver] HealthCheckController {/api/v1/health}:
[SCHOOL-EQUIP-MGMT] [2025-11-18T13:29:00.175Z] [INFO]  [RouterExplorer] Mapped {/api/v1/health, GET} route
[SCHOOL-EQUIP-MGMT] [2025-11-18T13:29:00.176Z] [INFO]  [RoutesResolver] AuthenticateUserController {/api/v1/login}:
[SCHOOL-EQUIP-MGMT] [2025-11-18T13:29:00.176Z] [INFO]  [RouterExplorer] Mapped {/api/v1/login, POST} route
[SCHOOL-EQUIP-MGMT] [2025-11-18T13:29:00.176Z] [INFO]  [RoutesResolver] CreateUserController {/api/v1/users}:
[SCHOOL-EQUIP-MGMT] [2025-11-18T13:29:00.176Z] [INFO]  [RouterExplorer] Mapped {/api/v1/users, POST} route
[SCHOOL-EQUIP-MGMT] [2025-11-18T13:29:00.177Z] [INFO]  [RoutesResolver] GetUserProfileController {/api/v1/users}:
[SCHOOL-EQUIP-MGMT] [2025-11-18T13:29:00.177Z] [INFO]  [RouterExplorer] Mapped {/api/v1/users/me, GET} route
[SCHOOL-EQUIP-MGMT] [2025-11-18T13:29:00.177Z] [INFO]  [RoutesResolver] ListUsersController {/api/v1/users}:
[SCHOOL-EQUIP-MGMT] [2025-11-18T13:29:00.177Z] [INFO]  [RouterExplorer] Mapped {/api/v1/users, GET} route
[SCHOOL-EQUIP-MGMT] [2025-11-18T13:29:00.177Z] [INFO]  [RoutesResolver] UpdateUserProfileController {/api/v1/users/me}:
[SCHOOL-EQUIP-MGMT] [2025-11-18T13:29:00.178Z] [INFO]  [RouterExplorer] Mapped {/api/v1/users/me, PATCH} route
[SCHOOL-EQUIP-MGMT] [2025-11-18T13:29:00.178Z] [INFO]  [RoutesResolver] InactivateUserController {/api/v1/users}:
[SCHOOL-EQUIP-MGMT] [2025-11-18T13:29:00.178Z] [INFO]  [RouterExplorer] Mapped {/api/v1/users/inactivate/:id, PATCH} route
[SCHOOL-EQUIP-MGMT] [2025-11-18T13:29:00.178Z] [INFO]  [NestApplication] Nest application successfully started
[SCHOOL-EQUIP-MGMT] [2025-11-18T13:29:29.649Z] [INFO]  [AuthenticateUserService] Authenticating user with email: admin@escola.com
[SCHOOL-EQUIP-MGMT] [2025-11-18T13:29:29.649Z] [INFO]  [AuthenticateUserService] Authenticating user with email: update-profile@escola.com
[SCHOOL-EQUIP-MGMT] [2025-11-18T13:29:29.649Z] [INFO]  [AuthenticateUserService] Authenticating user with email: list-admin@escola.com
[SCHOOL-EQUIP-MGMT] [2025-11-18T13:29:29.675Z] [INFO]  [AuthenticateUserService] Authenticating user with email: admin-inactivate@escola.com
[SCHOOL-EQUIP-MGMT] [2025-11-18T13:29:29.691Z] [INFO]  [AuthenticateUserService] User authenticated successfully: update-profile@escola.com with role: TEACHER
[SCHOOL-EQUIP-MGMT] [2025-11-18T13:29:29.691Z] [INFO]  [AuthenticateUserService] User authenticated successfully: admin@escola.com with role: ADMIN
[SCHOOL-EQUIP-MGMT] [2025-11-18T13:29:29.691Z] [INFO]  [AuthenticateUserService] User authenticated successfully: list-admin@escola.com with role: ADMIN
[SCHOOL-EQUIP-MGMT] [2025-11-18T13:29:29.703Z] [INFO]  [ListUsersService] Listing all users
[SCHOOL-EQUIP-MGMT] [2025-11-18T13:29:29.705Z] [INFO]  [UpdateUserProfileService] Attempting to update profile for userId: 4217ab2c-f98a-4ab1-a07c-0a8f1611b553
[SCHOOL-EQUIP-MGMT] [2025-11-18T13:29:29.705Z] [INFO]  [ListUsersService] Found 3 user(s)
[SCHOOL-EQUIP-MGMT] [2025-11-18T13:29:29.705Z] [INFO]  [CreateUserService] Starting user creation for email: joao.silva@escola.com
[SCHOOL-EQUIP-MGMT] [2025-11-18T13:29:29.711Z] [INFO]  [UpdateUserProfileService] Profile updated successfully for userId: 4217ab2c-f98a-4ab1-a07c-0a8f1611b553
[SCHOOL-EQUIP-MGMT] [2025-11-18T13:29:29.714Z] [WARN]  [JwtAuthGuard] Unauthorized access attempt
[SCHOOL-EQUIP-MGMT] [2025-11-18T13:29:29.716Z] [INFO]  [AuthenticateUserService] User authenticated successfully: admin-inactivate@escola.com with role: ADMIN
[SCHOOL-EQUIP-MGMT] [2025-11-18T13:29:29.736Z] [INFO]  [InactivateUserService] Fetching user for inactivation, with id: b1fa34eb-5180-491d-a580-78c30caa53dd
[SCHOOL-EQUIP-MGMT] [2025-11-18T13:29:29.746Z] [INFO]  [CreateUserService] User created successfully with email: joao.silva@escola.com and role: TEACHER
[SCHOOL-EQUIP-MGMT] [2025-11-18T13:29:29.755Z] [INFO]  [InactivateUserService] User inactivated with id: b1fa34eb-5180-491d-a580-78c30caa53dd
[SCHOOL-EQUIP-MGMT] [2025-11-18T13:29:29.758Z] [INFO]  [AuthenticateUserService] Authenticating user with email: old-email@escola.com
[SCHOOL-EQUIP-MGMT] [2025-11-18T13:29:29.790Z] [INFO]  [AuthenticateUserService] Authenticating user with email: admin2@escola.com
[SCHOOL-EQUIP-MGMT] [2025-11-18T13:29:29.791Z] [INFO]  [AuthenticateUserService] User authenticated successfully: old-email@escola.com with role: TEACHER
[SCHOOL-EQUIP-MGMT] [2025-11-18T13:29:29.794Z] [INFO]  [AuthenticateUserService] Authenticating user with email: self-inactivate@escola.com
[SCHOOL-EQUIP-MGMT] [2025-11-18T13:29:29.800Z] [INFO]  [UpdateUserProfileService] Attempting to update profile for userId: e64eab4e-a41a-4bd9-a035-91aaf4768f1d
[SCHOOL-EQUIP-MGMT] [2025-11-18T13:29:29.807Z] [INFO]  [UpdateUserProfileService] Profile updated successfully for userId: e64eab4e-a41a-4bd9-a035-91aaf4768f1d
[SCHOOL-EQUIP-MGMT] [2025-11-18T13:29:29.828Z] [INFO]  [AuthenticateUserService] User authenticated successfully: admin2@escola.com with role: ADMIN
[SCHOOL-EQUIP-MGMT] [2025-11-18T13:29:29.828Z] [INFO]  [AuthenticateUserService] User authenticated successfully: self-inactivate@escola.com with role: ADMIN
[SCHOOL-EQUIP-MGMT] [2025-11-18T13:29:29.834Z] [INFO]  [CreateUserService] Starting user creation for email: existing@escola.com
[SCHOOL-EQUIP-MGMT] [2025-11-18T13:29:29.834Z] [INFO]  [InactivateUserService] Fetching user for inactivation, with id: 503f5733-e131-4912-9f2f-e86aa132d739
[SCHOOL-EQUIP-MGMT] [2025-11-18T13:29:29.837Z] [WARN]  [CreateUserService] User already exists with email: existing@escola.com
[SCHOOL-EQUIP-MGMT] [2025-11-18T13:29:29.835Z] [WARN]  [InactivateUserService] Attempted to inactivate own account: userId: 503f5733-e131-4912-9f2f-e86aa132d739
[SCHOOL-EQUIP-MGMT] [2025-11-18T13:29:29.839Z] [INFO]  [AuthenticateUserService] Authenticating user with email: remove-phone@escola.com
[SCHOOL-EQUIP-MGMT] [2025-11-18T13:29:29.870Z] [INFO]  [AuthenticateUserService] User authenticated successfully: remove-phone@escola.com with role: TEACHER
[SCHOOL-EQUIP-MGMT] [2025-11-18T13:29:29.871Z] [INFO]  [AuthenticateUserService] Authenticating user with email: admin-notfound@escola.com
[SCHOOL-EQUIP-MGMT] [2025-11-18T13:29:29.877Z] [INFO]  [UpdateUserProfileService] Attempting to update profile for userId: 4258d46c-06e4-4688-8e73-f36b25568687
[SCHOOL-EQUIP-MGMT] [2025-11-18T13:29:29.882Z] [INFO]  [UpdateUserProfileService] Profile updated successfully for userId: 4258d46c-06e4-4688-8e73-f36b25568687
[SCHOOL-EQUIP-MGMT] [2025-11-18T13:29:29.906Z] [INFO]  [AuthenticateUserService] User authenticated successfully: admin-notfound@escola.com with role: ADMIN
[SCHOOL-EQUIP-MGMT] [2025-11-18T13:29:29.916Z] [INFO]  [InactivateUserService] Fetching user for inactivation, with id: non-existent-id
[SCHOOL-EQUIP-MGMT] [2025-11-18T13:29:29.919Z] [WARN]  [InactivateUserService] User not found for userId: non-existent-id
[SCHOOL-EQUIP-MGMT] [2025-11-18T13:29:29.933Z] [INFO]  [AuthenticateUserService] Authenticating user with email: user1@escola.com
[SCHOOL-EQUIP-MGMT] [2025-11-18T13:29:29.963Z] [INFO]  [AuthenticateUserService] User authenticated successfully: user1@escola.com with role: TEACHER
[SCHOOL-EQUIP-MGMT] [2025-11-18T13:29:29.970Z] [INFO]  [UpdateUserProfileService] Attempting to update profile for userId: fc6fa6ae-6d23-431b-bba4-bd00bfe7f902
[SCHOOL-EQUIP-MGMT] [2025-11-18T13:29:29.975Z] [WARN]  [UpdateUserProfileService] Email existing-user@escola.com already in use during profile update for userId: fc6fa6ae-6d23-431b-bba4-bd00bfe7f902
[SCHOOL-EQUIP-MGMT] [2025-11-18T13:29:33.068Z] [INFO]  [AuthenticateUserService] Authenticating user with email: test@escola.com
[SCHOOL-EQUIP-MGMT] [2025-11-18T13:29:33.103Z] [INFO]  [AuthenticateUserService] User authenticated successfully: test@escola.com with role: ADMIN
[SCHOOL-EQUIP-MGMT] [2025-11-18T13:29:33.112Z] [INFO]  [AuthenticateUserService] Authenticating user with email: profile@escola.com
[SCHOOL-EQUIP-MGMT] [2025-11-18T13:29:33.142Z] [INFO]  [AuthenticateUserService] Authenticating user with email: test2@escola.com
[SCHOOL-EQUIP-MGMT] [2025-11-18T13:29:33.150Z] [INFO]  [AuthenticateUserService] User authenticated successfully: profile@escola.com with role: STAFF
[SCHOOL-EQUIP-MGMT] [2025-11-18T13:29:33.162Z] [INFO]  [GetUserProfileService] Fetching profile for userId: 6a2ff997-17ee-498d-9ff4-31e062ccec4a
[SCHOOL-EQUIP-MGMT] [2025-11-18T13:29:33.164Z] [INFO]  [GetUserProfileService] User profile found for userId: 6a2ff997-17ee-498d-9ff4-31e062ccec4a
[SCHOOL-EQUIP-MGMT] [2025-11-18T13:29:33.167Z] [WARN]  [AuthenticateUserService] Authentication failed: Invalid password for email: test2@escola.com
[SCHOOL-EQUIP-MGMT] [2025-11-18T13:29:33.173Z] [WARN]  [JwtAuthGuard] Unauthorized access attempt
[SCHOOL-EQUIP-MGMT] [2025-11-18T13:29:33.202Z] [INFO]  [AuthenticateUserService] Authenticating user with email: inactive@escola.com
[SCHOOL-EQUIP-MGMT] [2025-11-18T13:29:33.204Z] [WARN]  [AuthenticateUserService] Authentication failed: Inactive user for email: inactive@escola.com
[SCHOOL-EQUIP-MGMT] [2025-11-18T13:33:05.752Z] [INFO]  [AuthenticateUserService] Authenticating user with email: update-profile@escola.com
[SCHOOL-EQUIP-MGMT] [2025-11-18T13:33:05.824Z] [INFO]  [AuthenticateUserService] User authenticated successfully: update-profile@escola.com with role: TEACHER
[SCHOOL-EQUIP-MGMT] [2025-11-18T13:33:05.831Z] [INFO]  [AuthenticateUserService] Authenticating user with email: admin-inactivate@escola.com
[SCHOOL-EQUIP-MGMT] [2025-11-18T13:33:05.837Z] [INFO]  [AuthenticateUserService] Authenticating user with email: list-admin@escola.com
[SCHOOL-EQUIP-MGMT] [2025-11-18T13:33:05.845Z] [INFO]  [UpdateUserProfileService] Attempting to update profile for userId: 7391b340-6f6f-4601-b146-92969d673acc
[SCHOOL-EQUIP-MGMT] [2025-11-18T13:33:05.859Z] [INFO]  [AuthenticateUserService] Authenticating user with email: admin@escola.com
[SCHOOL-EQUIP-MGMT] [2025-11-18T13:33:05.865Z] [INFO]  [UpdateUserProfileService] Profile updated successfully for userId: 7391b340-6f6f-4601-b146-92969d673acc
[SCHOOL-EQUIP-MGMT] [2025-11-18T13:33:05.883Z] [INFO]  [AuthenticateUserService] User authenticated successfully: admin-inactivate@escola.com with role: ADMIN
[SCHOOL-EQUIP-MGMT] [2025-11-18T13:33:05.890Z] [INFO]  [AuthenticateUserService] User authenticated successfully: list-admin@escola.com with role: ADMIN
[SCHOOL-EQUIP-MGMT] [2025-11-18T13:33:05.902Z] [INFO]  [InactivateUserService] Fetching user for inactivation, with id: 348771a0-04e9-42d1-8064-91adfea0caf8
[SCHOOL-EQUIP-MGMT] [2025-11-18T13:33:05.908Z] [INFO]  [ListUsersService] Listing all users
[SCHOOL-EQUIP-MGMT] [2025-11-18T13:33:05.911Z] [INFO]  [ListUsersService] Found 3 user(s)
[SCHOOL-EQUIP-MGMT] [2025-11-18T13:33:05.911Z] [INFO]  [AuthenticateUserService] Authenticating user with email: old-email@escola.com
[SCHOOL-EQUIP-MGMT] [2025-11-18T13:33:05.915Z] [INFO]  [AuthenticateUserService] User authenticated successfully: admin@escola.com with role: ADMIN
[SCHOOL-EQUIP-MGMT] [2025-11-18T13:33:05.916Z] [INFO]  [InactivateUserService] User inactivated with id: 348771a0-04e9-42d1-8064-91adfea0caf8
[SCHOOL-EQUIP-MGMT] [2025-11-18T13:33:05.923Z] [WARN]  [JwtAuthGuard] Unauthorized access attempt
[SCHOOL-EQUIP-MGMT] [2025-11-18T13:33:05.936Z] [INFO]  [CreateUserService] Starting user creation for email: joao.silva@escola.com
[SCHOOL-EQUIP-MGMT] [2025-11-18T13:33:05.946Z] [INFO]  [AuthenticateUserService] User authenticated successfully: old-email@escola.com with role: TEACHER
[SCHOOL-EQUIP-MGMT] [2025-11-18T13:33:05.955Z] [INFO]  [AuthenticateUserService] Authenticating user with email: self-inactivate@escola.com
[SCHOOL-EQUIP-MGMT] [2025-11-18T13:33:05.956Z] [INFO]  [UpdateUserProfileService] Attempting to update profile for userId: b86ef7c2-9080-4579-80e1-0b6c1cdf1bb2
[SCHOOL-EQUIP-MGMT] [2025-11-18T13:33:05.965Z] [INFO]  [UpdateUserProfileService] Profile updated successfully for userId: b86ef7c2-9080-4579-80e1-0b6c1cdf1bb2
[SCHOOL-EQUIP-MGMT] [2025-11-18T13:33:05.977Z] [INFO]  [CreateUserService] User created successfully with email: joao.silva@escola.com and role: TEACHER
[SCHOOL-EQUIP-MGMT] [2025-11-18T13:33:05.990Z] [INFO]  [AuthenticateUserService] User authenticated successfully: self-inactivate@escola.com with role: ADMIN
[SCHOOL-EQUIP-MGMT] [2025-11-18T13:33:05.999Z] [INFO]  [InactivateUserService] Fetching user for inactivation, with id: 3cbbbd28-9e34-420a-a64b-2c8335971f1b
[SCHOOL-EQUIP-MGMT] [2025-11-18T13:33:06.000Z] [WARN]  [InactivateUserService] Attempted to inactivate own account: userId: 3cbbbd28-9e34-420a-a64b-2c8335971f1b
[SCHOOL-EQUIP-MGMT] [2025-11-18T13:33:06.004Z] [INFO]  [AuthenticateUserService] Authenticating user with email: remove-phone@escola.com
[SCHOOL-EQUIP-MGMT] [2025-11-18T13:33:06.028Z] [INFO]  [AuthenticateUserService] Authenticating user with email: admin2@escola.com
[SCHOOL-EQUIP-MGMT] [2025-11-18T13:33:06.045Z] [INFO]  [AuthenticateUserService] Authenticating user with email: admin-notfound@escola.com
[SCHOOL-EQUIP-MGMT] [2025-11-18T13:33:06.045Z] [INFO]  [AuthenticateUserService] User authenticated successfully: remove-phone@escola.com with role: TEACHER
[SCHOOL-EQUIP-MGMT] [2025-11-18T13:33:06.053Z] [INFO]  [UpdateUserProfileService] Attempting to update profile for userId: 04b1a69f-00d6-4a66-96b4-5dcca3a645a6
[SCHOOL-EQUIP-MGMT] [2025-11-18T13:33:06.057Z] [INFO]  [UpdateUserProfileService] Profile updated successfully for userId: 04b1a69f-00d6-4a66-96b4-5dcca3a645a6
[SCHOOL-EQUIP-MGMT] [2025-11-18T13:33:06.061Z] [INFO]  [AuthenticateUserService] User authenticated successfully: admin2@escola.com with role: ADMIN
[SCHOOL-EQUIP-MGMT] [2025-11-18T13:33:06.068Z] [INFO]  [CreateUserService] Starting user creation for email: existing@escola.com
[SCHOOL-EQUIP-MGMT] [2025-11-18T13:33:06.072Z] [WARN]  [CreateUserService] User already exists with email: existing@escola.com
[SCHOOL-EQUIP-MGMT] [2025-11-18T13:33:06.077Z] [INFO]  [AuthenticateUserService] User authenticated successfully: admin-notfound@escola.com with role: ADMIN
[SCHOOL-EQUIP-MGMT] [2025-11-18T13:33:06.085Z] [INFO]  [InactivateUserService] Fetching user for inactivation, with id: non-existent-id
[SCHOOL-EQUIP-MGMT] [2025-11-18T13:33:06.088Z] [WARN]  [InactivateUserService] User not found for userId: non-existent-id
[SCHOOL-EQUIP-MGMT] [2025-11-18T13:33:06.098Z] [INFO]  [AuthenticateUserService] Authenticating user with email: user1@escola.com
[SCHOOL-EQUIP-MGMT] [2025-11-18T13:33:06.153Z] [INFO]  [AuthenticateUserService] User authenticated successfully: user1@escola.com with role: TEACHER
[SCHOOL-EQUIP-MGMT] [2025-11-18T13:33:06.163Z] [INFO]  [UpdateUserProfileService] Attempting to update profile for userId: e530122f-3182-4f2a-bac2-0145269c9909
[SCHOOL-EQUIP-MGMT] [2025-11-18T13:33:06.173Z] [WARN]  [UpdateUserProfileService] Email existing-user@escola.com already in use during profile update for userId: e530122f-3182-4f2a-bac2-0145269c9909
[SCHOOL-EQUIP-MGMT] [2025-11-18T13:33:09.745Z] [INFO]  [AuthenticateUserService] Authenticating user with email: test@escola.com
[SCHOOL-EQUIP-MGMT] [2025-11-18T13:33:09.780Z] [INFO]  [AuthenticateUserService] User authenticated successfully: test@escola.com with role: ADMIN
[SCHOOL-EQUIP-MGMT] [2025-11-18T13:33:09.811Z] [INFO]  [AuthenticateUserService] Authenticating user with email: profile@escola.com
[SCHOOL-EQUIP-MGMT] [2025-11-18T13:33:09.819Z] [INFO]  [AuthenticateUserService] Authenticating user with email: test2@escola.com
[SCHOOL-EQUIP-MGMT] [2025-11-18T13:33:09.844Z] [WARN]  [AuthenticateUserService] Authentication failed: Invalid password for email: test2@escola.com
[SCHOOL-EQUIP-MGMT] [2025-11-18T13:33:09.846Z] [INFO]  [AuthenticateUserService] User authenticated successfully: profile@escola.com with role: STAFF
[SCHOOL-EQUIP-MGMT] [2025-11-18T13:33:09.858Z] [INFO]  [GetUserProfileService] Fetching profile for userId: 89c467e6-5d5c-4114-919c-ca28be3c071c
[SCHOOL-EQUIP-MGMT] [2025-11-18T13:33:09.860Z] [INFO]  [GetUserProfileService] User profile found for userId: 89c467e6-5d5c-4114-919c-ca28be3c071c
[SCHOOL-EQUIP-MGMT] [2025-11-18T13:33:09.867Z] [WARN]  [JwtAuthGuard] Unauthorized access attempt
[SCHOOL-EQUIP-MGMT] [2025-11-18T13:33:09.874Z] [INFO]  [AuthenticateUserService] Authenticating user with email: inactive@escola.com
[SCHOOL-EQUIP-MGMT] [2025-11-18T13:33:09.876Z] [WARN]  [AuthenticateUserService] Authentication failed: Inactive user for email: inactive@escola.com
